<?xml version="1.0" encoding="UTF-8"?>
<!-- Generated by org.testng.reporters.JUnitXMLReporter -->
<testsuite hostname="DESKTOP-RU0JSMC" ignored="0" name="Sample test" tests="1" failures="1" timestamp="05 May 2020 06:36:57 GMT" time="17.1" errors="0">
  <testcase name="validLoginTest" time="0.04" classname="com.training.sanity.tests.RTTC004_LoginTest">
    <failure type="java.lang.IllegalArgumentException" message="Must provide a location for a move action.">
      <![CDATA[java.lang.IllegalArgumentException: Must provide a location for a move action.
at org.openqa.selenium.interactions.MoveMouseAction.<init>(MoveMouseAction.java:38)
at org.openqa.selenium.interactions.Actions.moveToElement(Actions.java:388)
at com.training.sanity.tests.RTTC004_LoginTest.validLoginTest(RTTC004_LoginTest.java:65)
... Removed 25 stack frames]]>
    </failure>
  </testcase> <!-- validLoginTest -->
</testsuite> <!-- Sample test -->
