<?xml version="1.0" encoding="UTF-8"?>
<!-- Generated by org.testng.reporters.JUnitXMLReporter -->
<testsuite hostname="DESKTOP-RU0JSMC" ignored="0" name="Default test" tests="6" failures="0" timestamp="20 May 2020 05:10:12 GMT" time="86.004" errors="0">
  <testcase name="Login" time="2.871" classname="com.training.sanity.tests.RTTC065_AdminToAddMultipleProducts"/>
  <testcase name="OpenCatalogProducts" time="2.536" classname="com.training.sanity.tests.RTTC065_AdminToAddMultipleProducts"/>
  <testcase name="CreateNewProduct" time="16.795" classname="com.training.sanity.tests.RTTC065_AdminToAddMultipleProducts"/>
  <testcase name="CreateNewProduct" time="14.704" classname="com.training.sanity.tests.RTTC065_AdminToAddMultipleProducts"/>
  <testcase name="CreateNewProduct" time="15.245" classname="com.training.sanity.tests.RTTC065_AdminToAddMultipleProducts"/>
  <testcase name="CreateNewProduct" time="15.15" classname="com.training.sanity.tests.RTTC065_AdminToAddMultipleProducts"/>
</testsuite> <!-- Default test -->
